app/build/outputs/mapping/release/seeds.txt
id.kuato.woahelper.vayu.MainActivity
id.kuato.woahelper.vayu.MainActivity: MainActivity()
...
androidx.appcompat.widget.AppCompatTextView: void setLineHeight(int)
androidx.recyclerview.widget.RecyclerView: void setLayoutManager(androidx.recyclerview.widget.RecyclerView$LayoutManager)
com.google.android.material.textfield.TextInputLayout: void setEndIconOnClickListener(android.view.View$OnClickListener)
com.google.android.material.floatingactionbutton.FloatingActionButton: void setBackgroundTintMode(android.graphics.PorterDuff$Mode)
com.google.android.material.textfield.TextInputLayout: java.lang.CharSequence getPlaceholderText()
androidx.core.widget.TextViewCompat$Api24Impl: android.icu.text.DecimalFormatSymbols getInstance(java.util.Locale)
androidx.core.view.AccessibilityDelegateCompat$Api16Impl: boolean performAccessibilityAction(android.view.View$AccessibilityDelegate,android.view.View,int,android.os.Bundle)
androidx.vectordrawable.graphics.drawable.VectorDrawableCompat$VGroup: float getTranslateX()
androidx.core.view.accessibility.AccessibilityEventCompat$Api19Impl: void setContentChangeTypes(android.view.accessibility.AccessibilityEvent,int)
androidx.appcompat.widget.ActionMenuView: ActionMenuView(android.content.Context,android.util.AttributeSet)
androidx.appcompat.widget.AppCompatRadioButton: void setAllCaps(boolean)
androidx.core.graphics.drawable.DrawableCompat$Api23Impl: int getLayoutDirection(android.graphics.drawable.Drawable)
androidx.fragment.app.FragmentActivity: FragmentActivity()
androidx.work.impl.utils.futures.DirectExecutor: androidx.work.impl.utils.futures.DirectExecutor valueOf(java.lang.String)
androidx.appcompat.widget.AppCompatEditText: void setBackgroundDrawable(android.graphics.drawable.Drawable)
id.kuato.verncopyright.BlurLayout: void setFPS(int)
com.google.android.material.card.MaterialCardView: void setRadius(float)
com.google.android.material.floatingactionbutton.FloatingActionButton: void setElevation(float)
androidx.core.view.ViewCompat$Api28Impl: java.lang.Object requireViewById(android.view.View,int)
androidx.core.view.ViewCompat$Api17Impl: void setPaddingRelative(android.view.View,int,int,int,int)
androidx.cardview.widget.CardView: void setCardBackgroundColor(android.content.res.ColorStateList)
androidx.appcompat.widget.Toolbar: int getContentInsetStart()
androidx.lifecycle.ReportFragment$LifecycleCallbacks: void onActivityResumed(android.app.Activity)
com.google.android.material.card.MaterialCardView: android.content.res.ColorStateList getStrokeColorStateList()
com.google.android.material.chip.Chip: void setTextAppearance(int)
com.google.android.material.card.MaterialCardView: void setShapeAppearanceModel(com.google.android.material.shape.ShapeAppearanceModel)
androidx.appcompat.widget.AppCompatCheckedTextView: android.graphics.PorterDuff$Mode getSupportCompoundDrawablesTintMode()
com.google.android.material.textfield.TextInputLayout: void setErrorIconOnClickListener(android.view.View$OnClickListener)
com.google.android.material.chip.Chip: void setRippleColorResource(int)
com.google.android.material.chip.Chip: void setCheckedIconResource(int)
com.google.android.material.chip.Chip: void setTextEndPadding(float)
androidx.core.app.NavUtils$Api16Impl: boolean navigateUpTo(android.app.Activity,android.content.Intent)
com.google.android.material.internal.CheckableImageButton: void setPressed(boolean)
com.google.android.material.chip.Chip: void setCheckedIconTintResource(int)
com.google.android.material.textfield.TextInputLayout: void setEndIconContentDescription(int)
androidx.appcompat.widget.Toolbar: int getPopupTheme()
com.google.android.material.chip.Chip: void setCloseIconResource(int)
com.google.android.material.floatingactionbutton.FloatingActionButton: int getExpandedComponentIdHint()
androidx.core.widget.CompoundButtonCompat$Api21Impl: android.content.res.ColorStateList getButtonTintList(android.widget.CompoundButton)
androidx.appcompat.widget.AppCompatEditText: void setSupportCompoundDrawablesTintMode(android.graphics.PorterDuff$Mode)