app/build/outputs/mapping/release/mapping.txt
# compiler: R8
# compiler_version: 3.2.60
# min_api: 30
# common_typos_disable
# {"id":"com.android.tools.r8.mapping","version":"2.0"}
# pg_map_id: fa69f1c
# pg_map_hash: SHA-256 fa69f1ce5b48c3255be1ae1c9023bd17752012d6ffc0635b53a3055d0cc355fd
id.kuato.woahelper.databinding.ActivityMainBinding -> d3.a:
    android.widget.TextView tvDumpModem -> o
    android.widget.TextView tvBootSubtitle -> n
    android.widget.TextView tvFlashUefi -> q
    id.kuato.verncopyright.BlurLayout blur -> a
    android.widget.TextView tvDumpSensor -> p
    android.widget.TextView tvPanel -> s
    android.widget.TextView tvModemSubtitle -> r
    com.google.android.material.card.MaterialCardView cvBackupBoot -> b
    android.widget.TextView tvRamvalue -> u
    android.widget.TextView tvQuickBoot -> t
    com.google.android.material.card.MaterialCardView cvDumpSensor -> d
    android.widget.TextView tvUefiSubtitle -> w
    com.google.android.material.card.MaterialCardView cvDumpModem -> c
    android.widget.TextView tvSensorSubtitle -> v
    com.google.android.material.card.MaterialCardView cvGroup -> f
    com.google.android.material.card.MaterialCardView cvFlashUefi -> e
    android.widget.TextView tvUefiVersion -> x
    com.google.android.material.card.MaterialCardView cvQuickboot -> h
    com.google.android.material.card.MaterialCardView cvGuide -> g
    android.widget.TextView tvBackupBoot -> k
    android.widget.TextView tvAppCreator -> j
    android.widget.TextView tvBackupSubtitle -> m
    id.kuato.woahelper.databinding.ToolbarBinding toolbarlayout -> i
    android.widget.TextView tvBackupStatus -> l
id.kuato.woahelper.vayu.MainActivity -> id.kuato.woahelper.vayu.MainActivity:
    java.lang.String panel -> w
    java.lang.String finduefi -> x
    id.kuato.woahelper.databinding.ActivityMainBinding x -> u
    int ramvalue -> v
    1:1:id.kuato.woahelper.databinding.ActivityMainBinding id.kuato.woahelper.databinding.ActivityMainBinding.inflate(android.view.LayoutInflater,android.view.ViewGroup,boolean):0:0 -> onCreate
    1:1:id.kuato.woahelper.databinding.ActivityMainBinding id.kuato.woahelper.databinding.ActivityMainBinding.inflate(android.view.LayoutInflater):0 -> onCreate
    1:1:void onCreate(android.os.Bundle):0 -> onCreate
    2:2:id.kuato.woahelper.databinding.ActivityMainBinding id.kuato.woahelper.databinding.ActivityMainBinding.bind(android.view.View):0:0 -> onCreate
    2:2:id.kuato.woahelper.databinding.ActivityMainBinding id.kuato.woahelper.databinding.ActivityMainBinding.inflate(android.view.LayoutInflater,android.view.ViewGroup,boolean):0 -> onCreate
    2:2:id.kuato.woahelper.databinding.ActivityMainBinding id.kuato.woahelper.databinding.ActivityMainBinding.inflate(android.view.LayoutInflater):0 -> onCreate
    2:2:void onCreate(android.os.Bundle):0 -> onCreate
    3:3:id.kuato.woahelper.databinding.ToolbarBinding id.kuato.woahelper.databinding.ToolbarBinding.bind(android.view.View):0:0 -> onCreate
    3:3:id.kuato.woahelper.databinding.ActivityMainBinding id.kuato.woahelper.databinding.ActivityMainBinding.bind(android.view.View):0 -> onCreate
id.kuato.woahelper.vayu.MainActivity$1 -> id.kuato.woahelper.vayu.MainActivity$a:
    id.kuato.woahelper.vayu.MainActivity this$0 -> b
id.kuato.woahelper.vayu.MainActivity$2 -> id.kuato.woahelper.vayu.MainActivity$b:
    id.kuato.woahelper.vayu.MainActivity this$0 -> b
id.kuato.woahelper.vayu.MainActivity$3 -> id.kuato.woahelper.vayu.MainActivity$c:
    android.graphics.drawable.Drawable val$icon -> d
    com.google.android.material.button.MaterialButton val$yesButton -> b
    android.app.Dialog val$dialog -> g
    android.widget.TextView val$messages -> e
    id.kuato.woahelper.vayu.MainActivity this$0 -> h
    android.widget.ImageView val$icons -> c
    com.google.android.material.button.MaterialButton val$dismissButton -> f
id.kuato.woahelper.vayu.MainActivity$3$1 -> id.kuato.woahelper.vayu.MainActivity$c$a:
    id.kuato.woahelper.vayu.MainActivity$3 this$1 -> b
id.kuato.woahelper.vayu.MainActivity$3$1$1 -> id.kuato.woahelper.vayu.MainActivity$c$a$a:
    id.kuato.woahelper.vayu.MainActivity$3$1 this$2 -> b
...
androidx.work.impl.background.systemalarm.SystemAlarmDispatcher -> androidx.work.impl.background.systemalarm.d:
    androidx.work.impl.background.systemalarm.SystemAlarmDispatcher$CommandsCompletedListener mCompletedListener -> k
    android.content.Context mContext -> b
    androidx.work.impl.utils.taskexecutor.TaskExecutor mTaskExecutor -> c
    androidx.work.impl.background.systemalarm.CommandHandler mCommandHandler -> g
    androidx.work.impl.Processor mProcessor -> e
    java.lang.String TAG -> l
    java.util.List mIntents -> i
    androidx.work.impl.WorkManagerImpl mWorkManager -> f
    android.content.Intent mCurrentIntent -> j
    androidx.work.impl.utils.WorkTimer mWorkTimer -> d
    android.os.Handler mMainHandler -> h
    1:1:void <init>(android.content.Context,androidx.work.impl.Processor,androidx.work.impl.WorkManagerImpl):0:0 -> <init>
    1:1:void <init>(android.content.Context):0 -> <init>
    2:2:androidx.work.impl.Processor androidx.work.impl.WorkManagerImpl.getProcessor():0:0 -> <init>
    2:2:void <init>(android.content.Context,androidx.work.impl.Processor,androidx.work.impl.WorkManagerImpl):0 -> <init>
    2:2:void <init>(android.content.Context):0 -> <init>
    3:3:void <init>(android.content.Context,androidx.work.impl.Processor,androidx.work.impl.WorkManagerImpl):0:0 -> <init>
    3:3:void <init>(android.content.Context):0 -> <init>
androidx.work.impl.background.systemalarm.SystemAlarmDispatcher$1 -> androidx.work.impl.background.systemalarm.d$a:
    androidx.work.impl.background.systemalarm.SystemAlarmDispatcher this$0 -> b
androidx.work.impl.background.systemalarm.SystemAlarmDispatcher$AddRunnable -> androidx.work.impl.background.systemalarm.d$b:
    android.content.Intent mIntent -> c
    androidx.work.impl.background.systemalarm.SystemAlarmDispatcher mDispatcher -> b
    int mStartId -> d
androidx.work.impl.background.systemalarm.SystemAlarmDispatcher$CommandsCompletedListener -> androidx.work.impl.background.systemalarm.d$c:
androidx.work.impl.background.systemalarm.SystemAlarmDispatcher$DequeueAndCheckForCompletion -> androidx.work.impl.background.systemalarm.d$d:
    androidx.work.impl.background.systemalarm.SystemAlarmDispatcher mDispatcher -> b
    1:1:void androidx.work.impl.background.systemalarm.SystemAlarmDispatcher.dequeueAndCheckForCompletion():0:0 -> run
    1:1:void run():0 -> run
    2:2:androidx.work.impl.utils.SerialExecutor androidx.work.impl.utils.taskexecutor.WorkManagerTaskExecutor.getBackgroundExecutor():0:0 -> run
    2:2:void androidx.work.impl.background.systemalarm.SystemAlarmDispatcher.dequeueAndCheckForCompletion():0 -> run
    2:2:void run():0 -> run
    3:3:void androidx.work.impl.background.systemalarm.SystemAlarmDispatcher.dequeueAndCheckForCompletion():0:0 -> run
    3:3:void run():0 -> run
    4:4:boolean androidx.work.impl.background.systemalarm.CommandHandler.hasPendingCommands():0:0 -> run
    4:4:void androidx.work.impl.background.systemalarm.SystemAlarmDispatcher.dequeueAndCheckForCompletion():0 -> run
    4:4:void run():0 -> run
    5:5:void androidx.work.impl.background.systemalarm.SystemAlarmDispatcher.dequeueAndCheckForCompletion():0:0 -> run
    5:5:void run():0 -> run
    6:6:boolean androidx.work.impl.utils.SerialExecutor.hasPendingTasks():0:0 -> run
    6:6:void androidx.work.impl.background.systemalarm.SystemAlarmDispatcher.dequeueAndCheckForCompletion():0 -> run
    6:6:void run():0 -> run