app/build/outputs/mapping/release/usage.txt
id.kuato.woahelper.BuildConfig
id.kuato.woahelper.R$anim
id.kuato.woahelper.R$attr
id.kuato.woahelper.R$color
id.kuato.woahelper.R$dimen
id.kuato.woahelper.R$drawable
id.kuato.woahelper.R$id
id.kuato.woahelper.R$layout
id.kuato.woahelper.R$mipmap
id.kuato.woahelper.R$string
id.kuato.woahelper.R$style
id.kuato.woahelper.R$styleable:
    public static final int ArcProgress_arc_angle
    public static final int ArcProgress_arc_bottom_text
    public static final int ArcProgress_arc_bottom_text_size
    public static final int ArcProgress_arc_finished_color
    public static final int ArcProgress_arc_max
    public static final int ArcProgress_arc_progress
    public static final int ArcProgress_arc_stroke_width
    public static final int ArcProgress_arc_suffix_text
    public static final int ArcProgress_arc_suffix_text_padding
    public static final int ArcProgress_arc_suffix_text_size
    public static final int ArcProgress_arc_text_color
    public static final int ArcProgress_arc_text_size
    public static final int ArcProgress_arc_unfinished_color
    public static final int BlurLayout_blurRadius
    public static final int BlurLayout_downscaleFactor
    public static final int BlurLayout_fps
    private void <init>()
id.kuato.woahelper.R
id.kuato.woahelper.crash.activity.CrashActivity$1
id.kuato.woahelper.crash.activity.CrashActivity$EventListener
id.kuato.woahelper.crash.activity.CrashActivity
id.kuato.woahelper.crash.activity.DefaultErrorActivity
id.kuato.woahelper.crash.config.CrashConfig$BackgroundMode
id.kuato.woahelper.crash.config.CrashConfig$Builder
id.kuato.woahelper.crash.config.CrashConfig
id.kuato.woahelper.crash.provider.CrashInitProvider
id.kuato.woahelper.databinding.ActivityMainBinding:
    public synthetic bridge android.view.View getRoot()
id.kuato.woahelper.databinding.CrashActivityBinding
id.kuato.woahelper.databinding.DialogBinding
id.kuato.woahelper.databinding.ToolbarBinding:
    public synthetic bridge android.view.View getRoot()
    public com.google.android.material.appbar.AppBarLayout getRoot()
    public static id.kuato.woahelper.databinding.ToolbarBinding inflate(android.view.LayoutInflater)
    public static id.kuato.woahelper.databinding.ToolbarBinding inflate(android.view.LayoutInflater,android.view.ViewGroup,boolean)
id.kuato.woahelper.preference.WindowPreference
id.kuato.woahelper.util.AppUtils$1
id.kuato.woahelper.util.AppUtils$2
id.kuato.woahelper.util.AppUtils
id.kuato.woahelper.util.MemoryUtils:
    private static java.lang.String ERROR
id.kuato.woahelper.util.ShellUtils:
    public void <init>()
id.kuato.woahelper.vayu.Applications
id.kuato.woahelper.vayu.MainActivity:
    private android.content.Context context
id.kuato.woahelper.vayu.util.ColourUtils$1
id.kuato.woahelper.vayu.util.ColourUtils
id.kuato.woahelper.vayu.util.Utils
id.kuato.woahelper.R$styleable:
    public static final int[] ArcProgress
id.kuato.woahelper.databinding.ActivityMainBinding:
    public final com.google.android.material.card.MaterialCardView cvInfo
    public final androidx.coordinatorlayout.widget.CoordinatorLayout rootView
    public final androidx.coordinatorlayout.widget.CoordinatorLayout getRoot()
id.kuato.woahelper.databinding.ToolbarBinding
id.kuato.woahelper.util.MemoryUtils
id.kuato.woahelper.util.RAM
id.kuato.woahelper.util.ShellUtils
id.kuato.woahelper.vayu.MainActivity:
    public int ram
    public final void checkdevice()
    public final void checkuefi()
...
kotlin.collections.unsigned.UArraysKt___UArraysKt$withIndex$4
kotlin.collections.unsigned.UArraysKt___UArraysKt
kotlin.comparisons.ComparisonsKt:
    private void <init>()
kotlin.comparisons.ComparisonsKt__ComparisonsKt$compareBy$1
kotlin.comparisons.ComparisonsKt__ComparisonsKt$compareBy$2
kotlin.comparisons.ComparisonsKt__ComparisonsKt$compareBy$3
kotlin.comparisons.ComparisonsKt__ComparisonsKt$compareByDescending$1
kotlin.comparisons.ComparisonsKt__ComparisonsKt$compareByDescending$2
kotlin.comparisons.ComparisonsKt__ComparisonsKt$nullsFirst$1
kotlin.comparisons.ComparisonsKt__ComparisonsKt$nullsLast$1
kotlin.comparisons.ComparisonsKt__ComparisonsKt$then$1
kotlin.comparisons.ComparisonsKt__ComparisonsKt$thenBy$1
kotlin.comparisons.ComparisonsKt__ComparisonsKt$thenBy$2
kotlin.comparisons.ComparisonsKt__ComparisonsKt$thenByDescending$1
kotlin.comparisons.ComparisonsKt__ComparisonsKt$thenByDescending$2
kotlin.comparisons.ComparisonsKt__ComparisonsKt$thenComparator$1
kotlin.comparisons.ComparisonsKt__ComparisonsKt$thenDescending$1
kotlin.comparisons.ComparisonsKt__ComparisonsKt:
    public void <init>()
    public static final synthetic int access$compareValuesByImpl(java.lang.Object,java.lang.Object,kotlin.jvm.functions.Function1[])
    private static final java.util.Comparator compareBy(java.util.Comparator,kotlin.jvm.functions.Function1)
    private static final java.util.Comparator compareBy(kotlin.jvm.functions.Function1)
    public static final varargs java.util.Comparator compareBy(kotlin.jvm.functions.Function1[])
    private static final java.util.Comparator compareByDescending(java.util.Comparator,kotlin.jvm.functions.Function1)
    private static final java.util.Comparator compareByDescending(kotlin.jvm.functions.Function1)
    private static final int compareValuesBy(java.lang.Object,java.lang.Object,java.util.Comparator,kotlin.jvm.functions.Function1)
    private static final int compareValuesBy(java.lang.Object,java.lang.Object,kotlin.jvm.functions.Function1)
    public static final varargs int compareValuesBy(java.lang.Object,java.lang.Object,kotlin.jvm.functions.Function1[])
    private static final int compareValuesByImpl$ComparisonsKt__ComparisonsKt(java.lang.Object,java.lang.Object,kotlin.jvm.functions.Function1[])
    public static final java.util.Comparator naturalOrder()
    private static final java.util.Comparator nullsFirst()
    public static final java.util.Comparator nullsFirst(java.util.Comparator)
    private static final java.util.Comparator nullsLast()